F:\WORKSPACE\VISUAL STUDIO 2010\PROJECTS\JELLOCUBE\DEBUG\JELLOCUBE.EXE
F:\WORKSPACE\VISUAL STUDIO 2010\PROJECTS\JELLOCUBE\DEBUG\JELLOCUBE.ILK
F:\WORKSPACE\VISUAL STUDIO 2010\PROJECTS\JELLOCUBE\DEBUG\JELLOCUBE.PDB
F:\WorkSpace\Visual Studio 2010\Projects\JelloCube\JelloCube\Debug\cl.command.1.tlog
F:\WorkSpace\Visual Studio 2010\Projects\JelloCube\JelloCube\Debug\CL.read.1.tlog
F:\WorkSpace\Visual Studio 2010\Projects\JelloCube\JelloCube\Debug\CL.write.1.tlog
F:\WORKSPACE\VISUAL STUDIO 2010\PROJECTS\JELLOCUBE\JELLOCUBE\DEBUG\INPUT.OBJ
F:\WORKSPACE\VISUAL STUDIO 2010\PROJECTS\JELLOCUBE\JELLOCUBE\DEBUG\JELLO.OBJ
F:\WORKSPACE\VISUAL STUDIO 2010\PROJECTS\JELLOCUBE\JELLOCUBE\DEBUG\JELLOCUBE.EXE.INTERMEDIATE.MANIFEST
F:\WorkSpace\Visual Studio 2010\Projects\JelloCube\JelloCube\Debug\JelloCube.write.1.tlog
F:\WorkSpace\Visual Studio 2010\Projects\JelloCube\JelloCube\Debug\link.command.1.tlog
F:\WorkSpace\Visual Studio 2010\Projects\JelloCube\JelloCube\Debug\link.read.1.tlog
F:\WorkSpace\Visual Studio 2010\Projects\JelloCube\JelloCube\Debug\link.write.1.tlog
F:\WorkSpace\Visual Studio 2010\Projects\JelloCube\JelloCube\Debug\mt.command.1.tlog
F:\WorkSpace\Visual Studio 2010\Projects\JelloCube\JelloCube\Debug\mt.read.1.tlog
F:\WorkSpace\Visual Studio 2010\Projects\JelloCube\JelloCube\Debug\mt.write.1.tlog
F:\WORKSPACE\VISUAL STUDIO 2010\PROJECTS\JELLOCUBE\JELLOCUBE\DEBUG\PHYSICS.OBJ
F:\WORKSPACE\VISUAL STUDIO 2010\PROJECTS\JELLOCUBE\JELLOCUBE\DEBUG\PIC.OBJ
F:\WORKSPACE\VISUAL STUDIO 2010\PROJECTS\JELLOCUBE\JELLOCUBE\DEBUG\PPM.OBJ
F:\WORKSPACE\VISUAL STUDIO 2010\PROJECTS\JELLOCUBE\JELLOCUBE\DEBUG\SHOWCUBE.OBJ
F:\WorkSpace\Visual Studio 2010\Projects\JelloCube\JelloCube\Debug\vc100.idb
F:\WORKSPACE\VISUAL STUDIO 2010\PROJECTS\JELLOCUBE\JELLOCUBE\DEBUG\VC100.PDB
